TN:
SF:/Users/ens/pwd/uxcore/uxcore-tabs/src/index.js
FNF:0
FNH:0
DA:11,1
LF:1
LH:1
BRF:0
BRH:0
end_of_record
TN:
SF:/Users/ens/pwd/uxcore/uxcore-tabs/src/Tabs.jsx
FN:7,(anonymous_1)
FN:33,_interopRequireDefault
FN:35,_defaults
FN:37,_defineProperty
FN:39,_classCallCheck
FN:41,_possibleConstructorReturn
FN:43,_inherits
FN:53,(anonymous_8)
FN:56,Tabs
FN:62,componentWillMount
FN:66,(anonymous_11)
FN:69,(anonymous_12)
FN:79,render
FN:89,renderTabBar
FN:95,renderTabContent
FN:120,onTabClick
FNF:16
FNH:15
FNDA:4,(anonymous_1)
FNDA:6,_interopRequireDefault
FNDA:1,_defaults
FNDA:12,_defineProperty
FNDA:4,_classCallCheck
FNDA:4,_possibleConstructorReturn
FNDA:1,_inherits
FNDA:1,(anonymous_8)
FNDA:4,Tabs
FNDA:4,componentWillMount
FNDA:4,(anonymous_11)
FNDA:12,(anonymous_12)
FNDA:4,render
FNDA:3,renderTabBar
FNDA:3,renderTabContent
FNDA:0,onTabClick
DA:3,1
DA:7,46
DA:9,1
DA:11,1
DA:13,1
DA:15,1
DA:17,1
DA:19,1
DA:21,1
DA:23,1
DA:25,1
DA:27,1
DA:29,1
DA:31,1
DA:33,6
DA:35,10
DA:37,12
DA:39,4
DA:41,4
DA:43,1
DA:45,1
DA:46,1
DA:53,1
DA:54,1
DA:56,1
DA:57,4
DA:59,4
DA:62,1
DA:63,4
DA:65,4
DA:66,4
DA:67,4
DA:69,4
DA:70,12
DA:71,12
DA:75,0
DA:79,1
DA:80,4
DA:82,4
DA:83,4
DA:87,4
DA:90,3
DA:96,3
DA:101,1
DA:104,1
DA:116,1
DA:123,1
DA:124,1
DA:126,1
DA:127,1
LF:50
LH:49
BRDA:7,1,0,1
BRDA:7,1,1,1
BRDA:7,2,0,46
BRDA:7,2,1,0
BRDA:33,3,0,1
BRDA:33,3,1,5
BRDA:33,4,0,6
BRDA:33,4,1,6
BRDA:35,5,0,5
BRDA:35,5,1,5
BRDA:35,6,0,10
BRDA:35,6,1,10
BRDA:35,6,2,5
BRDA:37,7,0,0
BRDA:37,7,1,12
BRDA:39,8,0,0
BRDA:39,8,1,4
BRDA:41,9,0,0
BRDA:41,9,1,4
BRDA:41,10,0,0
BRDA:41,10,1,4
BRDA:41,11,0,4
BRDA:41,11,1,0
BRDA:41,11,2,0
BRDA:43,12,0,0
BRDA:43,12,1,1
BRDA:43,13,0,1
BRDA:43,13,1,0
BRDA:43,14,0,1
BRDA:43,14,1,1
BRDA:43,15,0,1
BRDA:43,15,1,0
BRDA:43,16,0,0
BRDA:43,16,1,1
BRDA:65,17,0,4
BRDA:65,17,1,0
BRDA:70,18,0,12
BRDA:70,18,1,0
BRF:38
BRH:25
end_of_record
