TN:
SF:/Users/minjielmj/project/uxcore/uxcore-tabs/src/index.js
FNF:0
FNH:0
DA:11,1
LF:1
LH:1
BRF:0
BRH:0
end_of_record
TN:
SF:/Users/minjielmj/project/uxcore/uxcore-tabs/src/Tabs.jsx
FN:7,(anonymous_1)
FN:37,_interopRequireDefault
FN:39,_defaults
FN:41,_defineProperty
FN:43,_classCallCheck
FN:45,_possibleConstructorReturn
FN:47,_inherits
FN:57,(anonymous_8)
FN:60,Tabs
FN:66,componentWillMount
FN:70,(anonymous_11)
FN:79,render
FN:90,renderTabBar
FN:96,renderTabContent
FN:118,onTabClick
FNF:15
FNH:14
FNDA:3,(anonymous_1)
FNDA:7,_interopRequireDefault
FNDA:1,_defaults
FNDA:9,_defineProperty
FNDA:3,_classCallCheck
FNDA:3,_possibleConstructorReturn
FNDA:1,_inherits
FNDA:1,(anonymous_8)
FNDA:3,Tabs
FNDA:3,componentWillMount
FNDA:9,(anonymous_11)
FNDA:3,render
FNDA:2,renderTabBar
FNDA:2,renderTabContent
FNDA:0,onTabClick
DA:3,1
DA:7,35
DA:9,1
DA:11,1
DA:13,1
DA:15,1
DA:17,1
DA:19,1
DA:21,1
DA:23,1
DA:25,1
DA:27,1
DA:29,1
DA:31,1
DA:33,1
DA:35,1
DA:37,7
DA:39,5
DA:41,9
DA:43,3
DA:45,3
DA:47,1
DA:49,1
DA:57,1
DA:58,1
DA:60,1
DA:61,3
DA:63,3
DA:66,1
DA:67,3
DA:68,3
DA:70,3
DA:71,9
DA:72,9
DA:75,0
DA:79,1
DA:80,3
DA:82,3
DA:83,3
DA:88,3
DA:91,2
DA:97,2
DA:102,1
DA:105,1
DA:114,1
DA:121,1
DA:122,1
DA:124,1
DA:125,1
LF:49
LH:48
BRDA:7,1,0,1
BRDA:7,1,1,1
BRDA:7,2,0,35
BRDA:7,2,1,0
BRDA:37,3,0,1
BRDA:37,3,1,6
BRDA:37,4,0,7
BRDA:37,4,1,7
BRDA:39,5,0,0
BRDA:39,5,1,5
BRDA:39,6,0,5
BRDA:39,6,1,5
BRDA:39,6,2,0
BRDA:41,7,0,0
BRDA:41,7,1,9
BRDA:43,8,0,0
BRDA:43,8,1,3
BRDA:45,9,0,0
BRDA:45,9,1,3
BRDA:45,10,0,0
BRDA:45,10,1,3
BRDA:45,11,0,3
BRDA:45,11,1,0
BRDA:45,11,2,0
BRDA:47,12,0,0
BRDA:47,12,1,1
BRDA:47,13,0,1
BRDA:47,13,1,0
BRDA:47,14,0,1
BRDA:47,14,1,1
BRDA:47,15,0,1
BRDA:47,15,1,0
BRDA:47,16,0,0
BRDA:47,16,1,1
BRDA:67,17,0,3
BRDA:67,17,1,0
BRDA:71,18,0,9
BRDA:71,18,1,0
BRF:38
BRH:23
end_of_record
